<?xml version="1.0" encoding="UTF-8"?>
<!-- Generated by org.testng.reporters.JUnitXMLReporter -->
<testsuite ignored="0" hostname="Nazomhenrypc" failures="1" tests="1" name="Test(failed)(failed)" time="19.564" errors="0" timestamp="2024-04-28T01:05:37 BST">
  <testcase classname="testcases.TC_AccountRegistrationTest_02" name="verify_account_reg_with_invalid_email_id" time="3.607">
    <failure type="java.lang.AssertionError" message="null">
      <![CDATA[java.lang.AssertionError: null
at testcases.TC_AccountRegistrationTest_02.verify_account_reg_with_invalid_email_id(TC_AccountRegistrationTest_02.java:45)
at java.base/java.util.ArrayList.forEach(ArrayList.java:1511)
... Removed 29 stack frames]]>
    </failure>
  </testcase> <!-- verify_account_reg_with_invalid_email_id -->
</testsuite> <!-- Test(failed)(failed) -->
